<?xml version="1.0" encoding="UTF-8" ?>
<testsuite failures="0" time="0.142" errors="0" skipped="0" tests="15" name="com.nokia.mro.TestCellGraph">
  <properties>
    <property name="java.runtime.name" value="Java(TM) SE Runtime Environment"/>
    <property name="sun.boot.library.path" value="D:\Program_files\java\jdk1.6.0_45\jre\bin"/>
    <property name="java.vm.version" value="20.45-b01"/>
    <property name="java.vm.vendor" value="Sun Microsystems Inc."/>
    <property name="java.vendor.url" value="http://java.sun.com/"/>
    <property name="path.separator" value=";"/>
    <property name="guice.disable.misplaced.annotation.check" value="true"/>
    <property name="java.vm.name" value="Java HotSpot(TM) 64-Bit Server VM"/>
    <property name="file.encoding.pkg" value="sun.io"/>
    <property name="user.country" value="IN"/>
    <property name="sun.java.launcher" value="SUN_STANDARD"/>
    <property name="sun.os.patch.level" value="Service Pack 1"/>
    <property name="java.vm.specification.name" value="Java Virtual Machine Specification"/>
    <property name="user.dir" value="D:\Coding\JavaLearn\HardCoreJava\iSON_MRO"/>
    <property name="java.runtime.version" value="1.6.0_45-b06"/>
    <property name="java.awt.graphicsenv" value="sun.awt.Win32GraphicsEnvironment"/>
    <property name="java.endorsed.dirs" value="D:\Program_files\java\jdk1.6.0_45\jre\lib\endorsed"/>
    <property name="os.arch" value="amd64"/>
    <property name="java.io.tmpdir" value="C:\Users\acp\AppData\Local\Temp\"/>
    <property name="line.separator" value="
"/>
    <property name="java.vm.specification.vendor" value="Sun Microsystems Inc."/>
    <property name="user.variant" value=""/>
    <property name="os.name" value="Windows 7"/>
    <property name="javax.net.ssl.keyStore" value="D:\Program_files\java\jdk1.6.0_45/jre/lib/security/trust.jks"/>
    <property name="classworlds.conf" value="C:\Program_files\apache-maven-3.1.0\bin\m2.conf"/>
    <property name="sun.jnu.encoding" value="Cp1252"/>
    <property name="javax.net.ssl.keyStorePassword" value="changeit"/>
    <property name="java.library.path" value="D:\Program_files\java\jdk1.6.0_45\bin;C:\Windows\Sun\Java\bin;C:\Windows\system32;C:\Windows;C:\Program_files\apache-maven-3.1.0\\bin;D:\Program_files\java\jdk1.6.0_45\jre\bin;C:\Program Files (x86)\Haskell\bin;C:\Program Files (x86)\Haskell Platform\2012.4.0.0\lib\extralibs\bin;C:\Program Files (x86)\Haskell Platform\2012.4.0.0\bin;C:\Program Files (x86)\RSA SecurID Token Common;C:\Windows\system32;C:\Windows;C:\Windows\System32\Wbem;C:\Program Files\WIDCOMM\Bluetooth Software\;C:\Program Files\WIDCOMM\Bluetooth Software\syswow64;C:\Program Files\TortoiseSVN\bin;C:\Program_Files\MySQL\MySQL Server 5.5\bin;D:\Program_Files\MySQL\MySQL Server 5.5\bin;C:\Windows\System32\WindowsPowerShell\v1.0\;C:\Program Files\nodejs\;C:\Program Files (x86)\Haskell Platform\2012.4.0.0\mingw\bin;C:\Windows\System32\WindowsPowerShell\v1.0\;C:\cygwin64\bin;C:\cygwin64\usr\sbin;C:\Program Files\Microsoft SQL Server\110\Tools\Binn\;D:\userdata\acp\Application Data\cabal\bin;D:\userdata\acp\Application Data\npm\;C:\Program Files (x86)\IDM Computer Solutions\UltraEdit\;."/>
    <property name="javax.net.ssl.trustStore" value="D:\Program_files\java\jdk1.6.0_45/jre/lib/security/trust.jks"/>
    <property name="java.specification.name" value="Java Platform API Specification"/>
    <property name="java.class.version" value="50.0"/>
    <property name="sun.management.compiler" value="HotSpot 64-Bit Tiered Compilers"/>
    <property name="os.version" value="6.1"/>
    <property name="user.home" value="D:\userdata\acp"/>
    <property name="user.timezone" value="Asia/Calcutta"/>
    <property name="java.awt.printerjob" value="sun.awt.windows.WPrinterJob"/>
    <property name="java.specification.version" value="1.6"/>
    <property name="file.encoding" value="Cp1252"/>
    <property name="user.name" value="acp"/>
    <property name="java.class.path" value="C:\Program_files\apache-maven-3.1.0\boot\plexus-classworlds-2.4.2.jar"/>
    <property name="org.slf4j.simpleLogger.defaultLogLevel" value="info"/>
    <property name="java.vm.specification.version" value="1.0"/>
    <property name="sun.arch.data.model" value="64"/>
    <property name="java.home" value="D:\Program_files\java\jdk1.6.0_45\jre"/>
    <property name="sun.java.command" value="org.codehaus.plexus.classworlds.launcher.Launcher clean install"/>
    <property name="java.specification.vendor" value="Sun Microsystems Inc."/>
    <property name="user.language" value="en"/>
    <property name="awt.toolkit" value="sun.awt.windows.WToolkit"/>
    <property name="java.vm.info" value="mixed mode"/>
    <property name="java.version" value="1.6.0_45"/>
    <property name="java.ext.dirs" value="D:\Program_files\java\jdk1.6.0_45\jre\lib\ext;C:\Windows\Sun\Java\lib\ext"/>
    <property name="sun.boot.class.path" value="D:\Program_files\java\jdk1.6.0_45\jre\lib\resources.jar;D:\Program_files\java\jdk1.6.0_45\jre\lib\rt.jar;D:\Program_files\java\jdk1.6.0_45\jre\lib\sunrsasign.jar;D:\Program_files\java\jdk1.6.0_45\jre\lib\jsse.jar;D:\Program_files\java\jdk1.6.0_45\jre\lib\jce.jar;D:\Program_files\java\jdk1.6.0_45\jre\lib\charsets.jar;D:\Program_files\java\jdk1.6.0_45\jre\lib\modules\jdk.boot.jar;D:\Program_files\java\jdk1.6.0_45\jre\classes"/>
    <property name="java.vendor" value="Sun Microsystems Inc."/>
    <property name="maven.home" value="C:\Program_files\apache-maven-3.1.0"/>
    <property name="file.separator" value="\"/>
    <property name="java.vendor.url.bug" value="http://java.sun.com/cgi-bin/bugreport.cgi"/>
    <property name="javax.net.ssl.keyStoreType" value="jks"/>
    <property name="sun.cpu.endian" value="little"/>
    <property name="sun.io.unicode.encoding" value="UnicodeLittle"/>
    <property name="javax.net.ssl.trustStorePassword" value="changeit"/>
    <property name="sun.desktop" value="windows"/>
    <property name="sun.cpu.isalist" value="amd64"/>
  </properties>
  <testcase time="0.058" classname="com.nokia.mro.TestCellGraph" name="testGetSourceCell2"/>
  <testcase time="0.008" classname="com.nokia.mro.TestCellGraph" name="testGetAdjacenciesPerformance"/>
  <testcase time="0" classname="com.nokia.mro.TestCellGraph" name="testfilterKpiSetforThreshold"/>
  <testcase time="0.052" classname="com.nokia.mro.TestCellGraph" name="testgetAdjacenciesWhereKPIAboveThreshold"/>
  <testcase time="0" classname="com.nokia.mro.TestCellGraph" name="testGraphWrapper"/>
  <testcase time="0.007" classname="com.nokia.mro.TestCellGraph" name="testGetSourceCell"/>
  <testcase time="0" classname="com.nokia.mro.TestCellGraph" name="getAllKPIsOfAdjacencies"/>
  <testcase time="0.001" classname="com.nokia.mro.TestCellGraph" name="testGraphRaw"/>
  <testcase time="0.006" classname="com.nokia.mro.TestCellGraph" name="testGetTargetCellofSourceCell"/>
  <testcase time="0.001" classname="com.nokia.mro.TestCellGraph" name="testAdjacencySorting"/>
  <testcase time="0" classname="com.nokia.mro.TestCellGraph" name="testgetTargetCell"/>
  <testcase time="0.002" classname="com.nokia.mro.TestCellGraph" name="testGetAdjacencies"/>
  <testcase time="0" classname="com.nokia.mro.TestCellGraph" name="testfilterKpiSetForKpiType"/>
  <testcase time="0" classname="com.nokia.mro.TestCellGraph" name="testgetAllKPIsofScope"/>
  <testcase time="0.007" classname="com.nokia.mro.TestCellGraph" name="testGetTargetCell"/>
</testsuite>